<?xml version="1.0" encoding="UTF-8"?>
<testsuite xmlns:xsi="http://www.w3.org/2001/XMLSchema-instance" xsi:noNamespaceSchemaLocation="https://maven.apache.org/surefire/maven-surefire-plugin/xsd/surefire-test-report-3.0.xsd" version="3.0" name="FluxTest" time="6.24" tests="4" errors="0" skipped="0" failures="0">
  <properties>
[...]
</properties>
  <testcase name="test" classname="FluxTest" time="1.168">
    <system-out><![CDATA[Map on thread: Thread-1
Map on thread: Thread-1
Map on thread: Thread-1
Map on thread: Thread-1
Map on thread: Thread-1
Map on thread: Thread-1
Map on thread: Thread-1
Map on thread: Thread-1
Map on thread: Thread-1
Map on thread: Thread-1
Map on thread: Thread-1
Map on thread: Thread-1
Map on thread: Thread-1
Map on thread: Thread-1
Map on thread: Thread-1
Map on thread: Thread-1
Map on thread: Thread-1
Map on thread: Thread-1
Map on thread: Thread-1
Map on thread: Thread-1
2: Subscribe on thread: parallel-1
4: Subscribe on thread: parallel-1
6: Subscribe on thread: parallel-1
8: Subscribe on thread: parallel-1
10: Subscribe on thread: parallel-1
12: Subscribe on thread: parallel-1
14: Subscribe on thread: parallel-1
16: Subscribe on thread: parallel-1
18: Subscribe on thread: parallel-1
20: Subscribe on thread: parallel-1
22: Subscribe on thread: parallel-1
24: Subscribe on thread: parallel-1
26: Subscribe on thread: parallel-1
28: Subscribe on thread: parallel-1
30: Subscribe on thread: parallel-1
32: Subscribe on thread: parallel-1
34: Subscribe on thread: parallel-1
36: Subscribe on thread: parallel-1
38: Subscribe on thread: parallel-1
40: Subscribe on thread: parallel-1
]]></system-out>
  </testcase>
  <testcase name="testPublishOn2" classname="FluxTest" time="1.005">
    <system-out><![CDATA[1st map on thread: Thread-2
1st map on thread: Thread-2
1st map on thread: Thread-2
1st map on thread: Thread-3
1st map on thread: Thread-3
1st map on thread: Thread-3
2nd map on thread: parallel-2
2nd map on thread: parallel-3
4thread 1 Subscribe to thread: parallel-2
2nd map on thread: parallel-2
8thread 1 Subscribe to thread: parallel-2
4Thread 2 Subscribe to thread: parallel-3
2nd map on thread: parallel-2
2nd map on thread: parallel-3
12thread 1 Subscribe to thread: parallel-2
8Thread 2 Subscribe to thread: parallel-3
2nd map on thread: parallel-3
12Thread 2 Subscribe to thread: parallel-3
]]></system-out>
  </testcase>
  <testcase name="testThread" classname="FluxTest" time="1.013">
    <system-out><![CDATA[adsf
Map on thread: Thread-4
2
Map on thread: Thread-4
4
Map on thread: Thread-4
6
Map on thread: Thread-4
8
Map on thread: Thread-4
10
Map on thread: Thread-4
12
Map on thread: Thread-4
14
Map on thread: Thread-4
16
Map on thread: Thread-4
18
Map on thread: Thread-4
20
Map on thread: Thread-4
22
Map on thread: Thread-4
24
Map on thread: Thread-4
26
Map on thread: Thread-4
28
Map on thread: Thread-4
30
Map on thread: Thread-4
32
Map on thread: Thread-4
34
Map on thread: Thread-4
36
Map on thread: Thread-4
38
Map on thread: Thread-4
40
]]></system-out>
  </testcase>
  <testcase name="testPublishOn" classname="FluxTest" time="3.023">
    <system-out><![CDATA[Map on thread: main
Map on thread: main
Map on thread: main
2Subscribe to thread: parallel-4
4Subscribe to thread: parallel-4
6Subscribe to thread: parallel-4
-----------2222222-------------
Map on thread: main
Map on thread: main
Map on thread: main
2Subscribe on thread: parallel-1
4Subscribe on thread: parallel-1
6Subscribe on thread: parallel-1
-----------3333333-------------
1st map on thread: Thread-5
1st map on thread: Thread-5
1st map on thread: Thread-5
2nd map on thread: parallel-2
4Subscribe to thread: parallel-2
2nd map on thread: parallel-2
8Subscribe to thread: parallel-2
2nd map on thread: parallel-2
12Subscribe to thread: parallel-2
]]></system-out>
  </testcase>
</testsuite>